10 Mar 2025 10:52:51,123 INFO  ro.mpp2025.CarsDBRepository 21 <init> - Initializing CarsDBRepository with properties: {} 
10 Mar 2025 10:52:51,138 TRACE ro.mpp2025.CarsDBRepository 58 add - Enter saving car Id=0 Tesla Model S 2019 
10 Mar 2025 10:52:51,139 TRACE ro.mpp2025.JdbcUtils 48 getConnection - Enter
10 Mar 2025 10:52:51,139 TRACE ro.mpp2025.JdbcUtils 25 getNewConnection - Enter
10 Mar 2025 10:52:51,140 INFO  ro.mpp2025.JdbcUtils 30 getNewConnection - trying to connect to database ... null
10 Mar 2025 10:52:51,140 INFO  ro.mpp2025.JdbcUtils 31 getNewConnection - user: null
10 Mar 2025 10:52:51,140 INFO  ro.mpp2025.JdbcUtils 32 getNewConnection - pass: null
10 Mar 2025 10:52:51,142 ERROR ro.mpp2025.JdbcUtils 41 getNewConnection - java.sql.SQLException: The url cannot be null
10 Mar 2025 10:52:51,144 TRACE ro.mpp2025.JdbcUtils 57 getConnection - Exit
10 Mar 2025 10:53:24,809 INFO  ro.mpp2025.CarsDBRepository 21 <init> - Initializing CarsDBRepository with properties: {} 
10 Mar 2025 10:53:24,824 TRACE ro.mpp2025.CarsDBRepository 58 add - Enter saving car Id=0 Tesla Model S 2019 
10 Mar 2025 10:53:24,824 TRACE ro.mpp2025.JdbcUtils 48 getConnection - Enter
10 Mar 2025 10:53:24,824 TRACE ro.mpp2025.JdbcUtils 25 getNewConnection - Enter
10 Mar 2025 10:53:24,824 INFO  ro.mpp2025.JdbcUtils 30 getNewConnection - trying to connect to database ... null
10 Mar 2025 10:53:24,824 INFO  ro.mpp2025.JdbcUtils 31 getNewConnection - user: null
10 Mar 2025 10:53:24,824 INFO  ro.mpp2025.JdbcUtils 32 getNewConnection - pass: null
10 Mar 2025 10:53:24,824 ERROR ro.mpp2025.JdbcUtils 41 getNewConnection - java.sql.SQLException: The url cannot be null
10 Mar 2025 10:53:24,824 TRACE ro.mpp2025.JdbcUtils 57 getConnection - Exit
10 Mar 2025 10:54:14,945 INFO  ro.mpp2025.CarsDBRepository 21 <init> - Initializing CarsDBRepository with properties: {} 
10 Mar 2025 10:54:14,959 TRACE ro.mpp2025.CarsDBRepository 58 add - Enter saving car Id=0 Tesla Model S 2019 
10 Mar 2025 10:54:14,959 TRACE ro.mpp2025.JdbcUtils 48 getConnection - Enter
10 Mar 2025 10:54:14,959 TRACE ro.mpp2025.JdbcUtils 25 getNewConnection - Enter
10 Mar 2025 10:54:14,959 INFO  ro.mpp2025.JdbcUtils 30 getNewConnection - trying to connect to database ... null
10 Mar 2025 10:54:14,959 INFO  ro.mpp2025.JdbcUtils 31 getNewConnection - user: null
10 Mar 2025 10:54:14,960 INFO  ro.mpp2025.JdbcUtils 32 getNewConnection - pass: null
10 Mar 2025 10:54:14,961 ERROR ro.mpp2025.JdbcUtils 41 getNewConnection - java.sql.SQLException: The url cannot be null
10 Mar 2025 10:54:14,962 TRACE ro.mpp2025.JdbcUtils 57 getConnection - Exit
10 Mar 2025 10:55:10,025 INFO  ro.mpp2025.CarsDBRepository 21 <init> - Initializing CarsDBRepository with properties: {} 
10 Mar 2025 10:55:10,037 TRACE ro.mpp2025.CarsDBRepository 58 add - Enter saving car Id=0 Tesla Model S 2019 
10 Mar 2025 10:55:10,037 TRACE ro.mpp2025.JdbcUtils 48 getConnection - Enter
10 Mar 2025 10:55:10,037 TRACE ro.mpp2025.JdbcUtils 25 getNewConnection - Enter
10 Mar 2025 10:55:10,038 INFO  ro.mpp2025.JdbcUtils 30 getNewConnection - trying to connect to database ... null
10 Mar 2025 10:55:10,038 INFO  ro.mpp2025.JdbcUtils 31 getNewConnection - user: null
10 Mar 2025 10:55:10,038 INFO  ro.mpp2025.JdbcUtils 32 getNewConnection - pass: null
10 Mar 2025 10:55:10,040 ERROR ro.mpp2025.JdbcUtils 41 getNewConnection - java.sql.SQLException: The url cannot be null
10 Mar 2025 10:55:10,041 TRACE ro.mpp2025.JdbcUtils 57 getConnection - Exit
10 Mar 2025 10:56:05,918 INFO  ro.mpp2025.CarsDBRepository 21 <init> - Initializing CarsDBRepository with properties: {} 
10 Mar 2025 10:56:05,929 TRACE ro.mpp2025.CarsDBRepository 58 add - Enter saving car Id=0 Tesla Model S 2019 
10 Mar 2025 10:56:05,929 TRACE ro.mpp2025.JdbcUtils 48 getConnection - Enter
10 Mar 2025 10:56:05,930 TRACE ro.mpp2025.JdbcUtils 25 getNewConnection - Enter
10 Mar 2025 10:56:05,930 INFO  ro.mpp2025.JdbcUtils 30 getNewConnection - trying to connect to database ... null
10 Mar 2025 10:56:05,930 INFO  ro.mpp2025.JdbcUtils 31 getNewConnection - user: null
10 Mar 2025 10:56:05,930 INFO  ro.mpp2025.JdbcUtils 32 getNewConnection - pass: null
10 Mar 2025 10:56:05,932 ERROR ro.mpp2025.JdbcUtils 41 getNewConnection - java.sql.SQLException: The url cannot be null
10 Mar 2025 10:56:05,932 TRACE ro.mpp2025.JdbcUtils 57 getConnection - Exit
10 Mar 2025 10:58:24,223 INFO  ro.mpp2025.CarsDBRepository 21 <init> - Initializing CarsDBRepository with properties: {} 
10 Mar 2025 10:58:24,233 TRACE ro.mpp2025.CarsDBRepository 58 add - Enter saving car Id=0 Tesla Model S 2019 
10 Mar 2025 10:58:24,233 TRACE ro.mpp2025.JdbcUtils 48 getConnection - Enter
10 Mar 2025 10:58:24,234 TRACE ro.mpp2025.JdbcUtils 25 getNewConnection - Enter
10 Mar 2025 10:58:24,234 INFO  ro.mpp2025.JdbcUtils 30 getNewConnection - trying to connect to database ... null
10 Mar 2025 10:58:24,234 INFO  ro.mpp2025.JdbcUtils 31 getNewConnection - user: null
10 Mar 2025 10:58:24,234 INFO  ro.mpp2025.JdbcUtils 32 getNewConnection - pass: null
10 Mar 2025 10:58:24,236 ERROR ro.mpp2025.JdbcUtils 41 getNewConnection - java.sql.SQLException: The url cannot be null
10 Mar 2025 10:58:24,236 TRACE ro.mpp2025.JdbcUtils 57 getConnection - Exit
10 Mar 2025 10:58:48,309 INFO  ro.mpp2025.CarsDBRepository 21 <init> - Initializing CarsDBRepository with properties: {jdbc.url=jdbc:sqlite:D:/Facultate/Anul2/Sem2/MPP/cars.db} 
10 Mar 2025 10:58:48,319 TRACE ro.mpp2025.CarsDBRepository 58 add - Enter saving car Id=0 Tesla Model S 2019 
10 Mar 2025 10:58:48,319 TRACE ro.mpp2025.JdbcUtils 48 getConnection - Enter
10 Mar 2025 10:58:48,320 TRACE ro.mpp2025.JdbcUtils 25 getNewConnection - Enter
10 Mar 2025 10:58:48,320 INFO  ro.mpp2025.JdbcUtils 30 getNewConnection - trying to connect to database ... jdbc:sqlite:D:/Facultate/Anul2/Sem2/MPP/cars.db
10 Mar 2025 10:58:48,320 INFO  ro.mpp2025.JdbcUtils 31 getNewConnection - user: null
10 Mar 2025 10:58:48,320 INFO  ro.mpp2025.JdbcUtils 32 getNewConnection - pass: null
10 Mar 2025 10:58:48,609 TRACE ro.mpp2025.JdbcUtils 57 getConnection - Exit with(org.sqlite.jdbc4.JDBC4Connection@19b89d4)
10 Mar 2025 10:58:48,626 TRACE ro.mpp2025.CarsDBRepository 65 add - Saved 1 instances
10 Mar 2025 10:58:48,626 TRACE ro.mpp2025.CarsDBRepository 70 add - Exit
10 Mar 2025 10:58:48,626 TRACE ro.mpp2025.CarsDBRepository 93 findAll - Enter
10 Mar 2025 10:58:48,626 TRACE ro.mpp2025.JdbcUtils 48 getConnection - Enter
10 Mar 2025 10:58:48,628 TRACE ro.mpp2025.JdbcUtils 57 getConnection - Exit with(org.sqlite.jdbc4.JDBC4Connection@19b89d4)
10 Mar 2025 10:58:48,628 TRACE ro.mpp2025.CarsDBRepository 112 findAll - Exit with([Id=1 Dacia Sandero 2019, Id=2 Skoda Octavia 2020, Id=3 Tesla Model S 2019, Id=4 Tesla Model S 2019, Id=5 Dacia Logan 2009, Id=6 Tesla Model S 2019, Id=7 Tesla Model S 2019, Id=8 Tesla Model S 2019, Id=9 Tesla Model S 2019])
10 Mar 2025 10:58:48,629 TRACE ro.mpp2025.CarsDBRepository 27 findByManufacturer - Enter
10 Mar 2025 10:58:48,629 TRACE ro.mpp2025.JdbcUtils 48 getConnection - Enter
10 Mar 2025 10:58:48,629 TRACE ro.mpp2025.JdbcUtils 57 getConnection - Exit with(org.sqlite.jdbc4.JDBC4Connection@19b89d4)
10 Mar 2025 10:58:48,630 TRACE ro.mpp2025.CarsDBRepository 46 findByManufacturer - Exit with([Id=3 Tesla Model S 2019, Id=4 Tesla Model S 2019, Id=6 Tesla Model S 2019, Id=7 Tesla Model S 2019, Id=8 Tesla Model S 2019, Id=9 Tesla Model S 2019])
10 Mar 2025 11:01:11,579 INFO  ro.mpp2025.CarsDBRepository 21 <init> - Initializing CarsDBRepository with properties: {jdbc.url=jdbc:sqlite:D:/Facultate/Anul2/Sem2/MPP/cars.db} 
10 Mar 2025 11:01:11,594 TRACE ro.mpp2025.CarsDBRepository 58 add - Enter saving car Id=0 Tesla Model S 2019 
10 Mar 2025 11:01:11,594 TRACE ro.mpp2025.JdbcUtils 48 getConnection - Enter
10 Mar 2025 11:01:11,594 TRACE ro.mpp2025.JdbcUtils 25 getNewConnection - Enter
10 Mar 2025 11:01:11,594 INFO  ro.mpp2025.JdbcUtils 30 getNewConnection - trying to connect to database ... jdbc:sqlite:D:/Facultate/Anul2/Sem2/MPP/cars.db
10 Mar 2025 11:01:11,595 INFO  ro.mpp2025.JdbcUtils 31 getNewConnection - user: null
10 Mar 2025 11:01:11,595 INFO  ro.mpp2025.JdbcUtils 32 getNewConnection - pass: null
10 Mar 2025 11:01:11,941 TRACE ro.mpp2025.JdbcUtils 57 getConnection - Exit with(org.sqlite.jdbc4.JDBC4Connection@19b89d4)
10 Mar 2025 11:01:11,953 TRACE ro.mpp2025.CarsDBRepository 65 add - Saved 1 instances
10 Mar 2025 11:01:11,953 TRACE ro.mpp2025.CarsDBRepository 70 add - Exit
10 Mar 2025 11:01:11,953 TRACE ro.mpp2025.CarsDBRepository 93 findAll - Enter
10 Mar 2025 11:01:11,953 TRACE ro.mpp2025.JdbcUtils 48 getConnection - Enter
10 Mar 2025 11:01:11,954 TRACE ro.mpp2025.JdbcUtils 57 getConnection - Exit with(org.sqlite.jdbc4.JDBC4Connection@19b89d4)
10 Mar 2025 11:01:11,955 TRACE ro.mpp2025.CarsDBRepository 112 findAll - Exit with([Id=1 Dacia Sandero 2019, Id=2 Skoda Octavia 2020, Id=3 Tesla Model S 2019, Id=4 Tesla Model S 2019, Id=5 Dacia Logan 2009, Id=6 Tesla Model S 2019, Id=7 Tesla Model S 2019, Id=8 Tesla Model S 2019, Id=9 Tesla Model S 2019, Id=10 Tesla Model S 2019])
10 Mar 2025 11:01:11,959 TRACE ro.mpp2025.CarsDBRepository 27 findByManufacturer - Enter
10 Mar 2025 11:01:11,960 TRACE ro.mpp2025.JdbcUtils 48 getConnection - Enter
10 Mar 2025 11:01:11,961 TRACE ro.mpp2025.JdbcUtils 57 getConnection - Exit with(org.sqlite.jdbc4.JDBC4Connection@19b89d4)
10 Mar 2025 11:01:11,964 TRACE ro.mpp2025.CarsDBRepository 46 findByManufacturer - Exit with([Id=3 Tesla Model S 2019, Id=4 Tesla Model S 2019, Id=6 Tesla Model S 2019, Id=7 Tesla Model S 2019, Id=8 Tesla Model S 2019, Id=9 Tesla Model S 2019, Id=10 Tesla Model S 2019])
10 Mar 2025 11:01:43,001 INFO  ro.mpp2025.CarsDBRepository 21 <init> - Initializing CarsDBRepository with properties: {jdbc.url=jdbc:sqlite:D:/Facultate/Anul2/Sem2/MPP/cars.db} 
10 Mar 2025 11:01:43,015 TRACE ro.mpp2025.CarsDBRepository 58 add - Enter saving car Id=0 Tesla Model S 2019 
10 Mar 2025 11:01:43,016 TRACE ro.mpp2025.JdbcUtils 48 getConnection - Enter
10 Mar 2025 11:01:43,016 TRACE ro.mpp2025.JdbcUtils 25 getNewConnection - Enter
10 Mar 2025 11:01:43,016 INFO  ro.mpp2025.JdbcUtils 30 getNewConnection - trying to connect to database ... jdbc:sqlite:D:/Facultate/Anul2/Sem2/MPP/cars.db
10 Mar 2025 11:01:43,016 INFO  ro.mpp2025.JdbcUtils 31 getNewConnection - user: null
10 Mar 2025 11:01:43,017 INFO  ro.mpp2025.JdbcUtils 32 getNewConnection - pass: null
10 Mar 2025 11:01:43,461 TRACE ro.mpp2025.JdbcUtils 57 getConnection - Exit with(org.sqlite.jdbc4.JDBC4Connection@19b89d4)
10 Mar 2025 11:01:43,477 TRACE ro.mpp2025.CarsDBRepository 65 add - Saved 1 instances
10 Mar 2025 11:01:43,477 TRACE ro.mpp2025.CarsDBRepository 70 add - Exit
10 Mar 2025 11:01:43,478 TRACE ro.mpp2025.CarsDBRepository 93 findAll - Enter
10 Mar 2025 11:01:43,478 TRACE ro.mpp2025.JdbcUtils 48 getConnection - Enter
10 Mar 2025 11:01:43,478 TRACE ro.mpp2025.JdbcUtils 57 getConnection - Exit with(org.sqlite.jdbc4.JDBC4Connection@19b89d4)
10 Mar 2025 11:01:43,479 TRACE ro.mpp2025.CarsDBRepository 112 findAll - Exit with([Id=1 Dacia Sandero 2019, Id=2 Skoda Octavia 2020, Id=3 Tesla Model S 2019, Id=4 Tesla Model S 2019, Id=5 Dacia Logan 2009, Id=6 Tesla Model S 2019, Id=7 Tesla Model S 2019, Id=8 Tesla Model S 2019, Id=9 Tesla Model S 2019, Id=10 Tesla Model S 2019, Id=11 Tesla Model S 2019])
10 Mar 2025 11:01:43,480 TRACE ro.mpp2025.CarsDBRepository 27 findByManufacturer - Enter
10 Mar 2025 11:01:43,480 TRACE ro.mpp2025.JdbcUtils 48 getConnection - Enter
10 Mar 2025 11:01:43,480 TRACE ro.mpp2025.JdbcUtils 57 getConnection - Exit with(org.sqlite.jdbc4.JDBC4Connection@19b89d4)
10 Mar 2025 11:01:43,481 TRACE ro.mpp2025.CarsDBRepository 46 findByManufacturer - Exit with([Id=3 Tesla Model S 2019, Id=4 Tesla Model S 2019, Id=6 Tesla Model S 2019, Id=7 Tesla Model S 2019, Id=8 Tesla Model S 2019, Id=9 Tesla Model S 2019, Id=10 Tesla Model S 2019, Id=11 Tesla Model S 2019])
10 Mar 2025 11:02:43,658 INFO  ro.mpp2025.CarsDBRepository 21 <init> - Initializing CarsDBRepository with properties: {jdbc.url=jdbc:sqlite:D:/Facultate/Anul2/Sem2/MPP/cars.db} 
10 Mar 2025 11:02:43,671 TRACE ro.mpp2025.CarsDBRepository 58 add - Enter saving car Id=0 Tesla Model S 2019 
10 Mar 2025 11:02:43,672 TRACE ro.mpp2025.JdbcUtils 48 getConnection - Enter
10 Mar 2025 11:02:43,672 TRACE ro.mpp2025.JdbcUtils 25 getNewConnection - Enter
10 Mar 2025 11:02:43,672 INFO  ro.mpp2025.JdbcUtils 30 getNewConnection - trying to connect to database ... jdbc:sqlite:D:/Facultate/Anul2/Sem2/MPP/cars.db
10 Mar 2025 11:02:43,672 INFO  ro.mpp2025.JdbcUtils 31 getNewConnection - user: null
10 Mar 2025 11:02:43,673 INFO  ro.mpp2025.JdbcUtils 32 getNewConnection - pass: null
10 Mar 2025 11:02:44,026 TRACE ro.mpp2025.JdbcUtils 57 getConnection - Exit with(org.sqlite.jdbc4.JDBC4Connection@19b89d4)
10 Mar 2025 11:02:44,039 TRACE ro.mpp2025.CarsDBRepository 65 add - Saved 1 instances
10 Mar 2025 11:02:44,039 TRACE ro.mpp2025.CarsDBRepository 70 add - Exit
10 Mar 2025 11:02:44,040 TRACE ro.mpp2025.CarsDBRepository 93 findAll - Enter
10 Mar 2025 11:02:44,040 TRACE ro.mpp2025.JdbcUtils 48 getConnection - Enter
10 Mar 2025 11:02:44,041 TRACE ro.mpp2025.JdbcUtils 57 getConnection - Exit with(org.sqlite.jdbc4.JDBC4Connection@19b89d4)
10 Mar 2025 11:02:44,041 TRACE ro.mpp2025.CarsDBRepository 112 findAll - Exit with([Id=1 Dacia Sandero 2019, Id=2 Skoda Octavia 2020, Id=3 Tesla Model S 2019, Id=4 Tesla Model S 2019, Id=5 Dacia Logan 2009, Id=6 Tesla Model S 2019, Id=7 Tesla Model S 2019, Id=8 Tesla Model S 2019, Id=9 Tesla Model S 2019, Id=10 Tesla Model S 2019, Id=11 Tesla Model S 2019, Id=12 Tesla Model S 2019])
10 Mar 2025 11:02:44,043 TRACE ro.mpp2025.CarsDBRepository 27 findByManufacturer - Enter
10 Mar 2025 11:02:44,043 TRACE ro.mpp2025.JdbcUtils 48 getConnection - Enter
10 Mar 2025 11:02:44,043 TRACE ro.mpp2025.JdbcUtils 57 getConnection - Exit with(org.sqlite.jdbc4.JDBC4Connection@19b89d4)
10 Mar 2025 11:02:44,044 TRACE ro.mpp2025.CarsDBRepository 46 findByManufacturer - Exit with([Id=3 Tesla Model S 2019, Id=4 Tesla Model S 2019, Id=6 Tesla Model S 2019, Id=7 Tesla Model S 2019, Id=8 Tesla Model S 2019, Id=9 Tesla Model S 2019, Id=10 Tesla Model S 2019, Id=11 Tesla Model S 2019, Id=12 Tesla Model S 2019])
10 Mar 2025 11:03:40,751 INFO  ro.mpp2025.CarsDBRepository 21 <init> - Initializing CarsDBRepository with properties: {jdbc.url=jdbc:sqlite:D:/Facultate/Anul2/Sem2/MPP/cars.db} 
10 Mar 2025 11:03:40,761 TRACE ro.mpp2025.CarsDBRepository 58 add - Enter saving car Id=0 Tesla Model S 2019 
10 Mar 2025 11:03:40,763 TRACE ro.mpp2025.JdbcUtils 48 getConnection - Enter
10 Mar 2025 11:03:40,763 TRACE ro.mpp2025.JdbcUtils 25 getNewConnection - Enter
10 Mar 2025 11:03:40,763 INFO  ro.mpp2025.JdbcUtils 30 getNewConnection - trying to connect to database ... jdbc:sqlite:D:/Facultate/Anul2/Sem2/MPP/cars.db
10 Mar 2025 11:03:40,763 INFO  ro.mpp2025.JdbcUtils 31 getNewConnection - user: null
10 Mar 2025 11:03:40,763 INFO  ro.mpp2025.JdbcUtils 32 getNewConnection - pass: null
10 Mar 2025 11:03:41,176 TRACE ro.mpp2025.JdbcUtils 57 getConnection - Exit with(org.sqlite.jdbc4.JDBC4Connection@19b89d4)
10 Mar 2025 11:03:41,193 TRACE ro.mpp2025.CarsDBRepository 65 add - Saved 1 instances
10 Mar 2025 11:03:41,194 TRACE ro.mpp2025.CarsDBRepository 70 add - Exit
10 Mar 2025 11:03:41,194 TRACE ro.mpp2025.CarsDBRepository 93 findAll - Enter
10 Mar 2025 11:03:41,195 TRACE ro.mpp2025.JdbcUtils 48 getConnection - Enter
10 Mar 2025 11:03:41,195 TRACE ro.mpp2025.JdbcUtils 57 getConnection - Exit with(org.sqlite.jdbc4.JDBC4Connection@19b89d4)
10 Mar 2025 11:03:41,196 TRACE ro.mpp2025.CarsDBRepository 112 findAll - Exit with([Id=1 Dacia Sandero 2019, Id=2 Skoda Octavia 2020, Id=3 Tesla Model S 2019, Id=4 Tesla Model S 2019, Id=5 Dacia Logan 2009, Id=6 Tesla Model S 2019, Id=7 Tesla Model S 2019, Id=8 Tesla Model S 2019, Id=9 Tesla Model S 2019, Id=10 Tesla Model S 2019, Id=11 Tesla Model S 2019, Id=12 Tesla Model S 2019, Id=13 Tesla Model S 2019])
10 Mar 2025 11:03:41,198 TRACE ro.mpp2025.CarsDBRepository 27 findByManufacturer - Enter
10 Mar 2025 11:03:41,198 TRACE ro.mpp2025.JdbcUtils 48 getConnection - Enter
10 Mar 2025 11:03:41,199 TRACE ro.mpp2025.JdbcUtils 57 getConnection - Exit with(org.sqlite.jdbc4.JDBC4Connection@19b89d4)
10 Mar 2025 11:03:41,201 TRACE ro.mpp2025.CarsDBRepository 46 findByManufacturer - Exit with([Id=3 Tesla Model S 2019, Id=4 Tesla Model S 2019, Id=6 Tesla Model S 2019, Id=7 Tesla Model S 2019, Id=8 Tesla Model S 2019, Id=9 Tesla Model S 2019, Id=10 Tesla Model S 2019, Id=11 Tesla Model S 2019, Id=12 Tesla Model S 2019, Id=13 Tesla Model S 2019])
10 Mar 2025 11:06:36,267 INFO  ro.mpp2025.CarsDBRepository 21 <init> - Initializing CarsDBRepository with properties: {jdbc.url=jdbc:sqlite:D:/Facultate/Anul2/Sem2/MPP/cars.db} 
10 Mar 2025 11:06:36,281 TRACE ro.mpp2025.CarsDBRepository 58 add - Enter saving car Id=0 Tesla Model S 2019 
10 Mar 2025 11:06:36,281 TRACE ro.mpp2025.JdbcUtils 48 getConnection - Enter
10 Mar 2025 11:06:36,281 TRACE ro.mpp2025.JdbcUtils 25 getNewConnection - Enter
10 Mar 2025 11:06:36,281 INFO  ro.mpp2025.JdbcUtils 30 getNewConnection - trying to connect to database ... jdbc:sqlite:D:/Facultate/Anul2/Sem2/MPP/cars.db
10 Mar 2025 11:06:36,282 INFO  ro.mpp2025.JdbcUtils 31 getNewConnection - user: null
10 Mar 2025 11:06:36,283 INFO  ro.mpp2025.JdbcUtils 32 getNewConnection - pass: null
10 Mar 2025 11:06:36,625 TRACE ro.mpp2025.JdbcUtils 57 getConnection - Exit with(org.sqlite.jdbc4.JDBC4Connection@19b89d4)
10 Mar 2025 11:06:36,635 TRACE ro.mpp2025.CarsDBRepository 65 add - Saved 1 instances
10 Mar 2025 11:06:36,635 TRACE ro.mpp2025.CarsDBRepository 70 add - Exit
10 Mar 2025 11:06:36,635 TRACE ro.mpp2025.CarsDBRepository 93 findAll - Enter
10 Mar 2025 11:06:36,635 TRACE ro.mpp2025.JdbcUtils 48 getConnection - Enter
10 Mar 2025 11:06:36,636 TRACE ro.mpp2025.JdbcUtils 57 getConnection - Exit with(org.sqlite.jdbc4.JDBC4Connection@19b89d4)
10 Mar 2025 11:06:36,636 TRACE ro.mpp2025.CarsDBRepository 112 findAll - Exit with([Id=1 Dacia Sandero 2019, Id=2 Skoda Octavia 2020, Id=3 Tesla Model S 2019, Id=4 Tesla Model S 2019, Id=5 Dacia Logan 2009, Id=6 Tesla Model S 2019, Id=7 Tesla Model S 2019, Id=8 Tesla Model S 2019, Id=9 Tesla Model S 2019, Id=10 Tesla Model S 2019, Id=11 Tesla Model S 2019, Id=12 Tesla Model S 2019, Id=13 Tesla Model S 2019, Id=14 Tesla Model S 2019])
10 Mar 2025 11:06:36,638 TRACE ro.mpp2025.CarsDBRepository 27 findByManufacturer - Enter
10 Mar 2025 11:06:36,638 TRACE ro.mpp2025.JdbcUtils 48 getConnection - Enter
10 Mar 2025 11:06:36,638 TRACE ro.mpp2025.JdbcUtils 57 getConnection - Exit with(org.sqlite.jdbc4.JDBC4Connection@19b89d4)
10 Mar 2025 11:06:36,639 TRACE ro.mpp2025.CarsDBRepository 46 findByManufacturer - Exit with([Id=3 Tesla Model S 2019, Id=4 Tesla Model S 2019, Id=6 Tesla Model S 2019, Id=7 Tesla Model S 2019, Id=8 Tesla Model S 2019, Id=9 Tesla Model S 2019, Id=10 Tesla Model S 2019, Id=11 Tesla Model S 2019, Id=12 Tesla Model S 2019, Id=13 Tesla Model S 2019, Id=14 Tesla Model S 2019])
10 Mar 2025 11:06:56,601 INFO  ro.mpp2025.CarsDBRepository 21 <init> - Initializing CarsDBRepository with properties: {jdbc.url=jdbc:sqlite:D:/Facultate/Anul2/Sem2/MPP/cars.db} 
10 Mar 2025 11:06:56,616 TRACE ro.mpp2025.CarsDBRepository 58 add - Enter saving car Id=0 Tesla Model S 2019 
10 Mar 2025 11:06:56,616 TRACE ro.mpp2025.JdbcUtils 48 getConnection - Enter
10 Mar 2025 11:06:56,616 TRACE ro.mpp2025.JdbcUtils 25 getNewConnection - Enter
10 Mar 2025 11:06:56,617 INFO  ro.mpp2025.JdbcUtils 30 getNewConnection - trying to connect to database ... jdbc:sqlite:D:/Facultate/Anul2/Sem2/MPP/cars.db
10 Mar 2025 11:06:56,617 INFO  ro.mpp2025.JdbcUtils 31 getNewConnection - user: null
10 Mar 2025 11:06:56,617 INFO  ro.mpp2025.JdbcUtils 32 getNewConnection - pass: null
10 Mar 2025 11:06:56,937 TRACE ro.mpp2025.JdbcUtils 57 getConnection - Exit with(org.sqlite.jdbc4.JDBC4Connection@19b89d4)
10 Mar 2025 11:06:56,951 TRACE ro.mpp2025.CarsDBRepository 65 add - Saved 1 instances
10 Mar 2025 11:06:56,951 TRACE ro.mpp2025.CarsDBRepository 70 add - Exit
10 Mar 2025 11:06:56,952 TRACE ro.mpp2025.CarsDBRepository 93 findAll - Enter
10 Mar 2025 11:06:56,952 TRACE ro.mpp2025.JdbcUtils 48 getConnection - Enter
10 Mar 2025 11:06:56,952 TRACE ro.mpp2025.JdbcUtils 57 getConnection - Exit with(org.sqlite.jdbc4.JDBC4Connection@19b89d4)
10 Mar 2025 11:06:56,953 TRACE ro.mpp2025.CarsDBRepository 112 findAll - Exit with([Id=1 Dacia Sandero 2019, Id=2 Skoda Octavia 2020, Id=3 Tesla Model S 2019, Id=4 Tesla Model S 2019, Id=5 Dacia Logan 2009, Id=6 Tesla Model S 2019, Id=7 Tesla Model S 2019, Id=8 Tesla Model S 2019, Id=9 Tesla Model S 2019, Id=10 Tesla Model S 2019, Id=11 Tesla Model S 2019, Id=12 Tesla Model S 2019, Id=13 Tesla Model S 2019, Id=14 Tesla Model S 2019, Id=15 Tesla Model S 2019])
10 Mar 2025 11:06:56,955 TRACE ro.mpp2025.CarsDBRepository 27 findByManufacturer - Enter
10 Mar 2025 11:06:56,955 TRACE ro.mpp2025.JdbcUtils 48 getConnection - Enter
10 Mar 2025 11:06:56,955 TRACE ro.mpp2025.JdbcUtils 57 getConnection - Exit with(org.sqlite.jdbc4.JDBC4Connection@19b89d4)
10 Mar 2025 11:06:56,956 TRACE ro.mpp2025.CarsDBRepository 46 findByManufacturer - Exit with([Id=3 Tesla Model S 2019, Id=4 Tesla Model S 2019, Id=6 Tesla Model S 2019, Id=7 Tesla Model S 2019, Id=8 Tesla Model S 2019, Id=9 Tesla Model S 2019, Id=10 Tesla Model S 2019, Id=11 Tesla Model S 2019, Id=12 Tesla Model S 2019, Id=13 Tesla Model S 2019, Id=14 Tesla Model S 2019, Id=15 Tesla Model S 2019])
10 Mar 2025 11:07:11,266 INFO  ro.mpp2025.CarsDBRepository 21 <init> - Initializing CarsDBRepository with properties: {jdbc.url=jdbc:sqlite:D:/Facultate/Anul2/Sem2/MPP/cars.db} 
10 Mar 2025 11:07:11,331 TRACE ro.mpp2025.CarsDBRepository 58 add - Enter saving car Id=0 Tesla Model S 2019 
10 Mar 2025 11:07:11,333 TRACE ro.mpp2025.JdbcUtils 48 getConnection - Enter
10 Mar 2025 11:07:11,335 TRACE ro.mpp2025.JdbcUtils 25 getNewConnection - Enter
10 Mar 2025 11:07:11,337 INFO  ro.mpp2025.JdbcUtils 30 getNewConnection - trying to connect to database ... jdbc:sqlite:D:/Facultate/Anul2/Sem2/MPP/cars.db
10 Mar 2025 11:07:11,339 INFO  ro.mpp2025.JdbcUtils 31 getNewConnection - user: null
10 Mar 2025 11:07:11,341 INFO  ro.mpp2025.JdbcUtils 32 getNewConnection - pass: null
10 Mar 2025 11:07:12,431 TRACE ro.mpp2025.JdbcUtils 57 getConnection - Exit with(org.sqlite.jdbc4.JDBC4Connection@19b89d4)
10 Mar 2025 11:07:12,456 TRACE ro.mpp2025.CarsDBRepository 65 add - Saved 1 instances
10 Mar 2025 11:07:12,457 TRACE ro.mpp2025.CarsDBRepository 70 add - Exit
10 Mar 2025 11:07:12,458 TRACE ro.mpp2025.CarsDBRepository 93 findAll - Enter
10 Mar 2025 11:07:12,458 TRACE ro.mpp2025.JdbcUtils 48 getConnection - Enter
10 Mar 2025 11:07:12,459 TRACE ro.mpp2025.JdbcUtils 57 getConnection - Exit with(org.sqlite.jdbc4.JDBC4Connection@19b89d4)
10 Mar 2025 11:07:12,465 TRACE ro.mpp2025.CarsDBRepository 112 findAll - Exit with([Id=1 Dacia Sandero 2019, Id=2 Skoda Octavia 2020, Id=3 Tesla Model S 2019, Id=4 Tesla Model S 2019, Id=5 Dacia Logan 2009, Id=6 Tesla Model S 2019, Id=7 Tesla Model S 2019, Id=8 Tesla Model S 2019, Id=9 Tesla Model S 2019, Id=10 Tesla Model S 2019, Id=11 Tesla Model S 2019, Id=12 Tesla Model S 2019, Id=13 Tesla Model S 2019, Id=14 Tesla Model S 2019, Id=15 Tesla Model S 2019, Id=16 Tesla Model S 2019])
10 Mar 2025 11:07:12,478 TRACE ro.mpp2025.CarsDBRepository 27 findByManufacturer - Enter
10 Mar 2025 11:07:12,480 TRACE ro.mpp2025.JdbcUtils 48 getConnection - Enter
10 Mar 2025 11:07:12,481 TRACE ro.mpp2025.JdbcUtils 57 getConnection - Exit with(org.sqlite.jdbc4.JDBC4Connection@19b89d4)
10 Mar 2025 11:07:12,489 TRACE ro.mpp2025.CarsDBRepository 46 findByManufacturer - Exit with([Id=3 Tesla Model S 2019, Id=4 Tesla Model S 2019, Id=6 Tesla Model S 2019, Id=7 Tesla Model S 2019, Id=8 Tesla Model S 2019, Id=9 Tesla Model S 2019, Id=10 Tesla Model S 2019, Id=11 Tesla Model S 2019, Id=12 Tesla Model S 2019, Id=13 Tesla Model S 2019, Id=14 Tesla Model S 2019, Id=15 Tesla Model S 2019, Id=16 Tesla Model S 2019])
10 Mar 2025 11:09:55,846 INFO  ro.mpp2025.CarsDBRepository 21 <init> - Initializing CarsDBRepository with properties: {jdbc.url=jdbc:sqlite:D:\Facultate\Anul2\Sem2\MPP\cars.db} 
10 Mar 2025 11:09:55,862 TRACE ro.mpp2025.CarsDBRepository 58 add - Enter saving car Id=0 Tesla Model S 2019 
10 Mar 2025 11:09:55,862 TRACE ro.mpp2025.JdbcUtils 48 getConnection - Enter
10 Mar 2025 11:09:55,863 TRACE ro.mpp2025.JdbcUtils 25 getNewConnection - Enter
10 Mar 2025 11:09:55,863 INFO  ro.mpp2025.JdbcUtils 30 getNewConnection - trying to connect to database ... jdbc:sqlite:D:\Facultate\Anul2\Sem2\MPP\cars.db
10 Mar 2025 11:09:55,864 INFO  ro.mpp2025.JdbcUtils 31 getNewConnection - user: null
10 Mar 2025 11:09:55,865 INFO  ro.mpp2025.JdbcUtils 32 getNewConnection - pass: null
10 Mar 2025 11:09:56,680 TRACE ro.mpp2025.JdbcUtils 57 getConnection - Exit with(org.sqlite.jdbc4.JDBC4Connection@19b89d4)
10 Mar 2025 11:09:56,697 TRACE ro.mpp2025.CarsDBRepository 65 add - Saved 1 instances
10 Mar 2025 11:09:56,697 TRACE ro.mpp2025.CarsDBRepository 70 add - Exit
10 Mar 2025 11:09:56,698 TRACE ro.mpp2025.CarsDBRepository 93 findAll - Enter
10 Mar 2025 11:09:56,698 TRACE ro.mpp2025.JdbcUtils 48 getConnection - Enter
10 Mar 2025 11:09:56,699 TRACE ro.mpp2025.JdbcUtils 57 getConnection - Exit with(org.sqlite.jdbc4.JDBC4Connection@19b89d4)
10 Mar 2025 11:09:56,700 TRACE ro.mpp2025.CarsDBRepository 112 findAll - Exit with([Id=1 Dacia Sandero 2019, Id=2 Skoda Octavia 2020, Id=3 Tesla Model S 2019, Id=4 Tesla Model S 2019, Id=5 Dacia Logan 2009, Id=6 Tesla Model S 2019, Id=7 Tesla Model S 2019, Id=8 Tesla Model S 2019, Id=9 Tesla Model S 2019, Id=10 Tesla Model S 2019, Id=11 Tesla Model S 2019, Id=12 Tesla Model S 2019, Id=13 Tesla Model S 2019, Id=14 Tesla Model S 2019, Id=15 Tesla Model S 2019, Id=16 Tesla Model S 2019, Id=17 Tesla Model S 2019])
10 Mar 2025 11:09:56,701 TRACE ro.mpp2025.CarsDBRepository 27 findByManufacturer - Enter
10 Mar 2025 11:09:56,701 TRACE ro.mpp2025.JdbcUtils 48 getConnection - Enter
10 Mar 2025 11:09:56,701 TRACE ro.mpp2025.JdbcUtils 57 getConnection - Exit with(org.sqlite.jdbc4.JDBC4Connection@19b89d4)
10 Mar 2025 11:09:56,702 TRACE ro.mpp2025.CarsDBRepository 46 findByManufacturer - Exit with([Id=3 Tesla Model S 2019, Id=4 Tesla Model S 2019, Id=6 Tesla Model S 2019, Id=7 Tesla Model S 2019, Id=8 Tesla Model S 2019, Id=9 Tesla Model S 2019, Id=10 Tesla Model S 2019, Id=11 Tesla Model S 2019, Id=12 Tesla Model S 2019, Id=13 Tesla Model S 2019, Id=14 Tesla Model S 2019, Id=15 Tesla Model S 2019, Id=16 Tesla Model S 2019, Id=17 Tesla Model S 2019])
10 Mar 2025 11:10:09,564 INFO  ro.mpp2025.CarsDBRepository 21 <init> - Initializing CarsDBRepository with properties: {jdbc.url=jdbc:sqlite:D:\Facultate\Anul2\Sem2\MPP\cars.db} 
10 Mar 2025 11:10:09,581 TRACE ro.mpp2025.CarsDBRepository 58 add - Enter saving car Id=0 Tesla Model S 2019 
10 Mar 2025 11:10:09,581 TRACE ro.mpp2025.JdbcUtils 48 getConnection - Enter
10 Mar 2025 11:10:09,581 TRACE ro.mpp2025.JdbcUtils 25 getNewConnection - Enter
10 Mar 2025 11:10:09,581 INFO  ro.mpp2025.JdbcUtils 30 getNewConnection - trying to connect to database ... jdbc:sqlite:D:\Facultate\Anul2\Sem2\MPP\cars.db
10 Mar 2025 11:10:09,581 INFO  ro.mpp2025.JdbcUtils 31 getNewConnection - user: null
10 Mar 2025 11:10:09,582 INFO  ro.mpp2025.JdbcUtils 32 getNewConnection - pass: null
10 Mar 2025 11:10:09,911 TRACE ro.mpp2025.JdbcUtils 57 getConnection - Exit with(org.sqlite.jdbc4.JDBC4Connection@19b89d4)
10 Mar 2025 11:10:09,921 TRACE ro.mpp2025.CarsDBRepository 65 add - Saved 1 instances
10 Mar 2025 11:10:09,922 TRACE ro.mpp2025.CarsDBRepository 70 add - Exit
10 Mar 2025 11:10:09,922 TRACE ro.mpp2025.CarsDBRepository 93 findAll - Enter
10 Mar 2025 11:10:09,922 TRACE ro.mpp2025.JdbcUtils 48 getConnection - Enter
10 Mar 2025 11:10:09,922 TRACE ro.mpp2025.JdbcUtils 57 getConnection - Exit with(org.sqlite.jdbc4.JDBC4Connection@19b89d4)
10 Mar 2025 11:10:09,923 TRACE ro.mpp2025.CarsDBRepository 112 findAll - Exit with([Id=1 Dacia Sandero 2019, Id=2 Skoda Octavia 2020, Id=3 Tesla Model S 2019, Id=4 Tesla Model S 2019, Id=5 Dacia Logan 2009, Id=6 Tesla Model S 2019, Id=7 Tesla Model S 2019, Id=8 Tesla Model S 2019, Id=9 Tesla Model S 2019, Id=10 Tesla Model S 2019, Id=11 Tesla Model S 2019, Id=12 Tesla Model S 2019, Id=13 Tesla Model S 2019, Id=14 Tesla Model S 2019, Id=15 Tesla Model S 2019, Id=16 Tesla Model S 2019, Id=17 Tesla Model S 2019, Id=18 Tesla Model S 2019])
10 Mar 2025 11:10:09,924 TRACE ro.mpp2025.CarsDBRepository 27 findByManufacturer - Enter
10 Mar 2025 11:10:09,924 TRACE ro.mpp2025.JdbcUtils 48 getConnection - Enter
10 Mar 2025 11:10:09,924 TRACE ro.mpp2025.JdbcUtils 57 getConnection - Exit with(org.sqlite.jdbc4.JDBC4Connection@19b89d4)
10 Mar 2025 11:10:09,926 TRACE ro.mpp2025.CarsDBRepository 46 findByManufacturer - Exit with([Id=3 Tesla Model S 2019, Id=4 Tesla Model S 2019, Id=6 Tesla Model S 2019, Id=7 Tesla Model S 2019, Id=8 Tesla Model S 2019, Id=9 Tesla Model S 2019, Id=10 Tesla Model S 2019, Id=11 Tesla Model S 2019, Id=12 Tesla Model S 2019, Id=13 Tesla Model S 2019, Id=14 Tesla Model S 2019, Id=15 Tesla Model S 2019, Id=16 Tesla Model S 2019, Id=17 Tesla Model S 2019, Id=18 Tesla Model S 2019])
10 Mar 2025 11:11:43,707 INFO  ro.mpp2025.CarsDBRepository 21 <init> - Initializing CarsDBRepository with properties: {jdbc.url=jdbc:sqlite:D:\Facultate\Anul2\Sem2\MPP\cars.db} 
10 Mar 2025 11:11:43,724 TRACE ro.mpp2025.CarsDBRepository 58 add - Enter saving car Id=0 Tesla Model S 2019 
10 Mar 2025 11:11:43,724 TRACE ro.mpp2025.JdbcUtils 48 getConnection - Enter
10 Mar 2025 11:11:43,724 TRACE ro.mpp2025.JdbcUtils 25 getNewConnection - Enter
10 Mar 2025 11:11:43,725 INFO  ro.mpp2025.JdbcUtils 30 getNewConnection - trying to connect to database ... jdbc:sqlite:D:\Facultate\Anul2\Sem2\MPP\cars.db
10 Mar 2025 11:11:43,725 INFO  ro.mpp2025.JdbcUtils 31 getNewConnection - user: null
10 Mar 2025 11:11:43,726 INFO  ro.mpp2025.JdbcUtils 32 getNewConnection - pass: null
10 Mar 2025 11:11:44,133 TRACE ro.mpp2025.JdbcUtils 57 getConnection - Exit with(org.sqlite.jdbc4.JDBC4Connection@74f6c5d8)
10 Mar 2025 11:11:44,144 TRACE ro.mpp2025.CarsDBRepository 65 add - Saved 1 instances
10 Mar 2025 11:11:44,144 TRACE ro.mpp2025.CarsDBRepository 70 add - Exit
10 Mar 2025 11:11:44,145 TRACE ro.mpp2025.CarsDBRepository 93 findAll - Enter
10 Mar 2025 11:11:44,145 TRACE ro.mpp2025.JdbcUtils 48 getConnection - Enter
10 Mar 2025 11:11:44,145 TRACE ro.mpp2025.JdbcUtils 57 getConnection - Exit with(org.sqlite.jdbc4.JDBC4Connection@74f6c5d8)
10 Mar 2025 11:11:44,146 TRACE ro.mpp2025.CarsDBRepository 112 findAll - Exit with([Id=1 Dacia Sandero 2019, Id=2 Skoda Octavia 2020, Id=3 Tesla Model S 2019, Id=4 Tesla Model S 2019, Id=5 Dacia Logan 2009, Id=6 Tesla Model S 2019, Id=7 Tesla Model S 2019, Id=8 Tesla Model S 2019, Id=9 Tesla Model S 2019, Id=10 Tesla Model S 2019, Id=11 Tesla Model S 2019, Id=12 Tesla Model S 2019, Id=13 Tesla Model S 2019, Id=14 Tesla Model S 2019, Id=15 Tesla Model S 2019, Id=16 Tesla Model S 2019, Id=17 Tesla Model S 2019, Id=18 Tesla Model S 2019, Id=19 Tesla Model S 2019])
10 Mar 2025 11:11:44,147 TRACE ro.mpp2025.CarsDBRepository 75 update - Enter updating car Id=0 Dacia Logan 2009 
10 Mar 2025 11:11:44,147 TRACE ro.mpp2025.JdbcUtils 48 getConnection - Enter
10 Mar 2025 11:11:44,148 TRACE ro.mpp2025.JdbcUtils 57 getConnection - Exit with(org.sqlite.jdbc4.JDBC4Connection@74f6c5d8)
10 Mar 2025 11:11:44,155 TRACE ro.mpp2025.CarsDBRepository 83 update - Updated 1 instances
10 Mar 2025 11:11:44,156 TRACE ro.mpp2025.CarsDBRepository 88 update - Exit
10 Mar 2025 11:11:44,157 TRACE ro.mpp2025.CarsDBRepository 27 findByManufacturer - Enter
10 Mar 2025 11:11:44,157 TRACE ro.mpp2025.JdbcUtils 48 getConnection - Enter
10 Mar 2025 11:11:44,157 TRACE ro.mpp2025.JdbcUtils 57 getConnection - Exit with(org.sqlite.jdbc4.JDBC4Connection@74f6c5d8)
10 Mar 2025 11:11:44,159 TRACE ro.mpp2025.CarsDBRepository 46 findByManufacturer - Exit with([Id=3 Tesla Model S 2019, Id=4 Tesla Model S 2019, Id=6 Tesla Model S 2019, Id=8 Tesla Model S 2019, Id=9 Tesla Model S 2019, Id=10 Tesla Model S 2019, Id=11 Tesla Model S 2019, Id=12 Tesla Model S 2019, Id=13 Tesla Model S 2019, Id=14 Tesla Model S 2019, Id=15 Tesla Model S 2019, Id=16 Tesla Model S 2019, Id=17 Tesla Model S 2019, Id=18 Tesla Model S 2019, Id=19 Tesla Model S 2019])
10 Mar 2025 11:17:52,606 INFO  ro.mpp2025.CarsDBRepository 21 <init> - Initializing CarsDBRepository with properties: {jdbc.url=jdbc:sqlite:D:\Facultate\Anul2\Sem2\MPP\cars.db} 
10 Mar 2025 11:17:52,618 TRACE ro.mpp2025.CarsDBRepository 58 add - Enter saving car Id=0 Tesla Model S 2019 
10 Mar 2025 11:17:52,618 TRACE ro.mpp2025.JdbcUtils 48 getConnection - Enter
10 Mar 2025 11:17:52,618 TRACE ro.mpp2025.JdbcUtils 25 getNewConnection - Enter
10 Mar 2025 11:17:52,618 INFO  ro.mpp2025.JdbcUtils 30 getNewConnection - trying to connect to database ... jdbc:sqlite:D:\Facultate\Anul2\Sem2\MPP\cars.db
10 Mar 2025 11:17:52,618 INFO  ro.mpp2025.JdbcUtils 31 getNewConnection - user: null
10 Mar 2025 11:17:52,619 INFO  ro.mpp2025.JdbcUtils 32 getNewConnection - pass: null
10 Mar 2025 11:17:52,939 TRACE ro.mpp2025.JdbcUtils 57 getConnection - Exit with(org.sqlite.jdbc4.JDBC4Connection@74f6c5d8)
10 Mar 2025 11:17:52,957 TRACE ro.mpp2025.CarsDBRepository 65 add - Saved 1 instances
10 Mar 2025 11:17:52,957 TRACE ro.mpp2025.CarsDBRepository 70 add - Exit
10 Mar 2025 11:17:52,957 TRACE ro.mpp2025.CarsDBRepository 93 findAll - Enter
10 Mar 2025 11:17:52,958 TRACE ro.mpp2025.JdbcUtils 48 getConnection - Enter
10 Mar 2025 11:17:52,958 TRACE ro.mpp2025.JdbcUtils 57 getConnection - Exit with(org.sqlite.jdbc4.JDBC4Connection@74f6c5d8)
10 Mar 2025 11:17:52,959 TRACE ro.mpp2025.CarsDBRepository 112 findAll - Exit with([Id=1 Dacia Sandero 2019, Id=2 Skoda Octavia 2020, Id=3 Tesla Model S 2019, Id=4 Tesla Model S 2019, Id=5 Dacia Logan 2009, Id=6 Tesla Model S 2019, Id=7 Dacia Logan 2009, Id=8 Tesla Model S 2019, Id=9 Tesla Model S 2019, Id=10 Tesla Model S 2019, Id=11 Tesla Model S 2019, Id=12 Tesla Model S 2019, Id=13 Tesla Model S 2019, Id=14 Tesla Model S 2019, Id=15 Tesla Model S 2019, Id=16 Tesla Model S 2019, Id=17 Tesla Model S 2019, Id=18 Tesla Model S 2019, Id=19 Tesla Model S 2019, Id=20 Tesla Model S 2019])
10 Mar 2025 11:17:52,960 TRACE ro.mpp2025.CarsDBRepository 75 update - Enter updating car Id=0 Dacia Logan 2009 
10 Mar 2025 11:17:52,960 TRACE ro.mpp2025.JdbcUtils 48 getConnection - Enter
10 Mar 2025 11:17:52,961 TRACE ro.mpp2025.JdbcUtils 57 getConnection - Exit with(org.sqlite.jdbc4.JDBC4Connection@74f6c5d8)
10 Mar 2025 11:17:52,968 TRACE ro.mpp2025.CarsDBRepository 83 update - Updated 1 instances
10 Mar 2025 11:17:52,968 TRACE ro.mpp2025.CarsDBRepository 88 update - Exit
10 Mar 2025 11:17:52,969 TRACE ro.mpp2025.CarsDBRepository 27 findByManufacturer - Enter
10 Mar 2025 11:17:52,969 TRACE ro.mpp2025.JdbcUtils 48 getConnection - Enter
10 Mar 2025 11:17:52,969 TRACE ro.mpp2025.JdbcUtils 57 getConnection - Exit with(org.sqlite.jdbc4.JDBC4Connection@74f6c5d8)
10 Mar 2025 11:17:52,971 TRACE ro.mpp2025.CarsDBRepository 46 findByManufacturer - Exit with([Id=3 Tesla Model S 2019, Id=4 Tesla Model S 2019, Id=6 Tesla Model S 2019, Id=8 Tesla Model S 2019, Id=10 Tesla Model S 2019, Id=11 Tesla Model S 2019, Id=12 Tesla Model S 2019, Id=13 Tesla Model S 2019, Id=14 Tesla Model S 2019, Id=15 Tesla Model S 2019, Id=16 Tesla Model S 2019, Id=17 Tesla Model S 2019, Id=18 Tesla Model S 2019, Id=19 Tesla Model S 2019, Id=20 Tesla Model S 2019])
