09 Mar 2025 19:58:24,861 INFO  ro.mpp2025.CarsDBRepository 21 <init> - Initializing CarsDBRepository with properties: {} 
09 Mar 2025 19:58:24,868 TRACE ro.mpp2025.CarsDBRepository 39 add - Enter saving car Id=0 Tesla Model S 2019 
09 Mar 2025 19:58:24,868 TRACE ro.mpp2025.JdbcUtils 48 getConnection - Enter
09 Mar 2025 19:58:24,869 TRACE ro.mpp2025.JdbcUtils 25 getNewConnection - Enter
09 Mar 2025 19:58:24,869 INFO  ro.mpp2025.JdbcUtils 30 getNewConnection - trying to connect to database ... null
09 Mar 2025 19:58:24,869 INFO  ro.mpp2025.JdbcUtils 31 getNewConnection - user: null
09 Mar 2025 19:58:24,869 INFO  ro.mpp2025.JdbcUtils 32 getNewConnection - pass: null
09 Mar 2025 19:58:24,871 ERROR ro.mpp2025.JdbcUtils 41 getNewConnection - java.sql.SQLException: The url cannot be null
09 Mar 2025 19:58:24,907 TRACE ro.mpp2025.JdbcUtils 57 getConnection - Exit
09 Mar 2025 20:04:32,452 INFO  ro.mpp2025.CarsDBRepository 21 <init> - Initializing CarsDBRepository with properties: {} 
09 Mar 2025 20:04:32,459 TRACE ro.mpp2025.CarsDBRepository 39 add - Enter saving car Id=0 Tesla Model S 2019 
09 Mar 2025 20:04:32,460 TRACE ro.mpp2025.JdbcUtils 48 getConnection - Enter
09 Mar 2025 20:04:32,460 TRACE ro.mpp2025.JdbcUtils 25 getNewConnection - Enter
09 Mar 2025 20:04:32,460 INFO  ro.mpp2025.JdbcUtils 30 getNewConnection - trying to connect to database ... null
09 Mar 2025 20:04:32,460 INFO  ro.mpp2025.JdbcUtils 31 getNewConnection - user: null
09 Mar 2025 20:04:32,460 INFO  ro.mpp2025.JdbcUtils 32 getNewConnection - pass: null
09 Mar 2025 20:04:32,461 ERROR ro.mpp2025.JdbcUtils 41 getNewConnection - java.sql.SQLException: The url cannot be null
09 Mar 2025 20:04:32,462 TRACE ro.mpp2025.JdbcUtils 57 getConnection - Exit
09 Mar 2025 20:09:59,228 INFO  ro.mpp2025.CarsDBRepository 21 <init> - Initializing CarsDBRepository with properties: {} 
09 Mar 2025 20:09:59,237 TRACE ro.mpp2025.CarsDBRepository 39 add - Enter saving car Id=0 Tesla Model S 2019 
09 Mar 2025 20:09:59,237 TRACE ro.mpp2025.JdbcUtils 48 getConnection - Enter
09 Mar 2025 20:09:59,237 TRACE ro.mpp2025.JdbcUtils 25 getNewConnection - Enter
09 Mar 2025 20:09:59,238 INFO  ro.mpp2025.JdbcUtils 30 getNewConnection - trying to connect to database ... null
09 Mar 2025 20:09:59,238 INFO  ro.mpp2025.JdbcUtils 31 getNewConnection - user: null
09 Mar 2025 20:09:59,238 INFO  ro.mpp2025.JdbcUtils 32 getNewConnection - pass: null
09 Mar 2025 20:09:59,239 ERROR ro.mpp2025.JdbcUtils 41 getNewConnection - java.sql.SQLException: The url cannot be null
09 Mar 2025 20:09:59,240 TRACE ro.mpp2025.JdbcUtils 57 getConnection - Exit
09 Mar 2025 20:15:00,052 INFO  ro.mpp2025.CarsDBRepository 21 <init> - Initializing CarsDBRepository with properties: {} 
09 Mar 2025 20:15:00,059 TRACE ro.mpp2025.CarsDBRepository 39 add - Enter saving car Id=0 Tesla Model S 2019 
09 Mar 2025 20:15:00,059 TRACE ro.mpp2025.JdbcUtils 48 getConnection - Enter
09 Mar 2025 20:15:00,059 TRACE ro.mpp2025.JdbcUtils 25 getNewConnection - Enter
09 Mar 2025 20:15:00,059 INFO  ro.mpp2025.JdbcUtils 30 getNewConnection - trying to connect to database ... null
09 Mar 2025 20:15:00,059 INFO  ro.mpp2025.JdbcUtils 31 getNewConnection - user: null
09 Mar 2025 20:15:00,059 INFO  ro.mpp2025.JdbcUtils 32 getNewConnection - pass: null
09 Mar 2025 20:15:00,061 ERROR ro.mpp2025.JdbcUtils 41 getNewConnection - java.sql.SQLException: The url cannot be null
09 Mar 2025 20:15:00,061 TRACE ro.mpp2025.JdbcUtils 57 getConnection - Exit
09 Mar 2025 20:15:21,074 INFO  ro.mpp2025.CarsDBRepository 21 <init> - Initializing CarsDBRepository with properties: {} 
09 Mar 2025 20:15:21,082 TRACE ro.mpp2025.CarsDBRepository 39 add - Enter saving car Id=0 Tesla Model S 2019 
09 Mar 2025 20:15:21,082 TRACE ro.mpp2025.JdbcUtils 48 getConnection - Enter
09 Mar 2025 20:15:21,082 TRACE ro.mpp2025.JdbcUtils 25 getNewConnection - Enter
09 Mar 2025 20:15:21,082 INFO  ro.mpp2025.JdbcUtils 30 getNewConnection - trying to connect to database ... null
09 Mar 2025 20:15:21,083 INFO  ro.mpp2025.JdbcUtils 31 getNewConnection - user: null
09 Mar 2025 20:15:21,083 INFO  ro.mpp2025.JdbcUtils 32 getNewConnection - pass: null
09 Mar 2025 20:15:21,084 ERROR ro.mpp2025.JdbcUtils 41 getNewConnection - java.sql.SQLException: The url cannot be null
09 Mar 2025 20:15:21,084 TRACE ro.mpp2025.JdbcUtils 57 getConnection - Exit
09 Mar 2025 20:17:14,049 INFO  ro.mpp2025.CarsDBRepository 21 <init> - Initializing CarsDBRepository with properties: {} 
09 Mar 2025 20:17:14,057 TRACE ro.mpp2025.CarsDBRepository 39 add - Enter saving car Id=0 Tesla Model S 2019 
09 Mar 2025 20:17:14,057 TRACE ro.mpp2025.JdbcUtils 48 getConnection - Enter
09 Mar 2025 20:17:14,057 TRACE ro.mpp2025.JdbcUtils 25 getNewConnection - Enter
09 Mar 2025 20:17:14,057 INFO  ro.mpp2025.JdbcUtils 30 getNewConnection - trying to connect to database ... null
09 Mar 2025 20:17:14,057 INFO  ro.mpp2025.JdbcUtils 31 getNewConnection - user: null
09 Mar 2025 20:17:14,058 INFO  ro.mpp2025.JdbcUtils 32 getNewConnection - pass: null
09 Mar 2025 20:17:14,058 ERROR ro.mpp2025.JdbcUtils 41 getNewConnection - java.sql.SQLException: The url cannot be null
09 Mar 2025 20:17:14,059 TRACE ro.mpp2025.JdbcUtils 57 getConnection - Exit
09 Mar 2025 20:28:57,872 INFO  ro.mpp2025.CarsDBRepository 21 <init> - Initializing CarsDBRepository with properties: {} 
09 Mar 2025 20:28:57,880 TRACE ro.mpp2025.CarsDBRepository 39 add - Enter saving car Id=0 Tesla Model S 2019 
09 Mar 2025 20:28:57,880 TRACE ro.mpp2025.JdbcUtils 48 getConnection - Enter
09 Mar 2025 20:28:57,880 TRACE ro.mpp2025.JdbcUtils 25 getNewConnection - Enter
09 Mar 2025 20:28:57,881 INFO  ro.mpp2025.JdbcUtils 30 getNewConnection - trying to connect to database ... null
09 Mar 2025 20:28:57,881 INFO  ro.mpp2025.JdbcUtils 31 getNewConnection - user: null
09 Mar 2025 20:28:57,881 INFO  ro.mpp2025.JdbcUtils 32 getNewConnection - pass: null
09 Mar 2025 20:28:57,882 ERROR ro.mpp2025.JdbcUtils 41 getNewConnection - java.sql.SQLException: The url cannot be null
09 Mar 2025 20:28:57,883 TRACE ro.mpp2025.JdbcUtils 57 getConnection - Exit
09 Mar 2025 20:29:54,554 INFO  ro.mpp2025.CarsDBRepository 21 <init> - Initializing CarsDBRepository with properties: {jdbc.url=jdbc:sqlite:D:/Facultate/Anul2/Sem2/MPP/cars.db} 
09 Mar 2025 20:29:54,562 TRACE ro.mpp2025.CarsDBRepository 39 add - Enter saving car Id=0 Tesla Model S 2019 
09 Mar 2025 20:29:54,563 TRACE ro.mpp2025.JdbcUtils 48 getConnection - Enter
09 Mar 2025 20:29:54,563 TRACE ro.mpp2025.JdbcUtils 25 getNewConnection - Enter
09 Mar 2025 20:29:54,563 INFO  ro.mpp2025.JdbcUtils 30 getNewConnection - trying to connect to database ... jdbc:sqlite:D:/Facultate/Anul2/Sem2/MPP/cars.db
09 Mar 2025 20:29:54,563 INFO  ro.mpp2025.JdbcUtils 31 getNewConnection - user: null
09 Mar 2025 20:29:54,563 INFO  ro.mpp2025.JdbcUtils 32 getNewConnection - pass: null
09 Mar 2025 20:29:54,854 TRACE ro.mpp2025.JdbcUtils 57 getConnection - Exit with(org.sqlite.jdbc4.JDBC4Connection@2bec854f)
09 Mar 2025 20:29:54,872 TRACE ro.mpp2025.CarsDBRepository 46 add - Saved 1 instances
09 Mar 2025 20:29:54,872 TRACE ro.mpp2025.CarsDBRepository 51 add - Exit
09 Mar 2025 20:29:54,872 TRACE ro.mpp2025.CarsDBRepository 61 findAll - Enter
09 Mar 2025 20:29:54,872 TRACE ro.mpp2025.JdbcUtils 48 getConnection - Enter
09 Mar 2025 20:29:54,873 TRACE ro.mpp2025.JdbcUtils 57 getConnection - Exit with(org.sqlite.jdbc4.JDBC4Connection@2bec854f)
09 Mar 2025 20:29:54,874 TRACE ro.mpp2025.CarsDBRepository 80 findAll - Exit with([Id=1 Dacia Sandero 2019, Id=2 Skoda Octavia 2020, Id=3 Tesla Model S 2019])
09 Mar 2025 20:37:45,049 INFO  ro.mpp2025.CarsDBRepository 21 <init> - Initializing CarsDBRepository with properties: {jdbc.url=jdbc:sqlite:D:/Facultate/Anul2/Sem2/MPP/cars.db} 
09 Mar 2025 20:37:45,056 TRACE ro.mpp2025.CarsDBRepository 58 add - Enter saving car Id=0 Tesla Model S 2019 
09 Mar 2025 20:37:45,056 TRACE ro.mpp2025.JdbcUtils 48 getConnection - Enter
09 Mar 2025 20:37:45,056 TRACE ro.mpp2025.JdbcUtils 25 getNewConnection - Enter
09 Mar 2025 20:37:45,057 INFO  ro.mpp2025.JdbcUtils 30 getNewConnection - trying to connect to database ... jdbc:sqlite:D:/Facultate/Anul2/Sem2/MPP/cars.db
09 Mar 2025 20:37:45,057 INFO  ro.mpp2025.JdbcUtils 31 getNewConnection - user: null
09 Mar 2025 20:37:45,057 INFO  ro.mpp2025.JdbcUtils 32 getNewConnection - pass: null
09 Mar 2025 20:37:46,103 TRACE ro.mpp2025.JdbcUtils 57 getConnection - Exit with(org.sqlite.jdbc4.JDBC4Connection@7ba8c737)
09 Mar 2025 20:37:46,119 TRACE ro.mpp2025.CarsDBRepository 65 add - Saved 1 instances
09 Mar 2025 20:37:46,119 TRACE ro.mpp2025.CarsDBRepository 70 add - Exit
09 Mar 2025 20:37:46,119 TRACE ro.mpp2025.CarsDBRepository 80 findAll - Enter
09 Mar 2025 20:37:46,119 TRACE ro.mpp2025.JdbcUtils 48 getConnection - Enter
09 Mar 2025 20:37:46,120 TRACE ro.mpp2025.JdbcUtils 57 getConnection - Exit with(org.sqlite.jdbc4.JDBC4Connection@7ba8c737)
09 Mar 2025 20:37:46,120 TRACE ro.mpp2025.CarsDBRepository 99 findAll - Exit with([Id=1 Dacia Sandero 2019, Id=2 Skoda Octavia 2020, Id=3 Tesla Model S 2019, Id=4 Tesla Model S 2019])
09 Mar 2025 20:37:46,121 TRACE ro.mpp2025.CarsDBRepository 27 findByManufacturer - Enter
09 Mar 2025 20:37:46,121 TRACE ro.mpp2025.JdbcUtils 48 getConnection - Enter
09 Mar 2025 20:37:46,121 TRACE ro.mpp2025.JdbcUtils 57 getConnection - Exit with(org.sqlite.jdbc4.JDBC4Connection@7ba8c737)
09 Mar 2025 20:37:46,123 ERROR ro.mpp2025.CarsDBRepository 43 findByManufacturer - org.sqlite.SQLiteException: [SQLITE_ERROR] SQL error or missing database (no such column: Tesla)
09 Mar 2025 20:37:46,124 TRACE ro.mpp2025.CarsDBRepository 46 findByManufacturer - Exit with([])
09 Mar 2025 20:39:00,515 INFO  ro.mpp2025.CarsDBRepository 21 <init> - Initializing CarsDBRepository with properties: {jdbc.url=jdbc:sqlite:D:/Facultate/Anul2/Sem2/MPP/cars.db} 
09 Mar 2025 20:39:00,523 TRACE ro.mpp2025.CarsDBRepository 58 add - Enter saving car Id=0 Tesla Model S 2019 
09 Mar 2025 20:39:00,523 TRACE ro.mpp2025.JdbcUtils 48 getConnection - Enter
09 Mar 2025 20:39:00,523 TRACE ro.mpp2025.JdbcUtils 25 getNewConnection - Enter
09 Mar 2025 20:39:00,523 INFO  ro.mpp2025.JdbcUtils 30 getNewConnection - trying to connect to database ... jdbc:sqlite:D:/Facultate/Anul2/Sem2/MPP/cars.db
09 Mar 2025 20:39:00,523 INFO  ro.mpp2025.JdbcUtils 31 getNewConnection - user: null
09 Mar 2025 20:39:00,523 INFO  ro.mpp2025.JdbcUtils 32 getNewConnection - pass: null
09 Mar 2025 20:39:00,819 TRACE ro.mpp2025.JdbcUtils 57 getConnection - Exit with(org.sqlite.jdbc4.JDBC4Connection@2bec854f)
09 Mar 2025 20:39:00,834 TRACE ro.mpp2025.CarsDBRepository 65 add - Saved 1 instances
09 Mar 2025 20:39:00,834 TRACE ro.mpp2025.CarsDBRepository 70 add - Exit
09 Mar 2025 20:39:00,834 TRACE ro.mpp2025.CarsDBRepository 80 findAll - Enter
09 Mar 2025 20:39:00,834 TRACE ro.mpp2025.JdbcUtils 48 getConnection - Enter
09 Mar 2025 20:39:00,834 TRACE ro.mpp2025.JdbcUtils 57 getConnection - Exit with(org.sqlite.jdbc4.JDBC4Connection@2bec854f)
09 Mar 2025 20:39:00,836 TRACE ro.mpp2025.CarsDBRepository 99 findAll - Exit with([Id=1 Dacia Sandero 2019, Id=2 Skoda Octavia 2020, Id=3 Tesla Model S 2019, Id=4 Tesla Model S 2019, Id=5 Tesla Model S 2019])
09 Mar 2025 20:39:00,836 TRACE ro.mpp2025.CarsDBRepository 27 findByManufacturer - Enter
09 Mar 2025 20:39:00,836 TRACE ro.mpp2025.JdbcUtils 48 getConnection - Enter
09 Mar 2025 20:39:00,836 TRACE ro.mpp2025.JdbcUtils 57 getConnection - Exit with(org.sqlite.jdbc4.JDBC4Connection@2bec854f)
09 Mar 2025 20:39:00,837 TRACE ro.mpp2025.CarsDBRepository 46 findByManufacturer - Exit with([Id=3 Tesla Model S 2019, Id=4 Tesla Model S 2019, Id=5 Tesla Model S 2019])
09 Mar 2025 20:54:34,974 INFO  ro.mpp2025.CarsDBRepository 21 <init> - Initializing CarsDBRepository with properties: {jdbc.url=jdbc:sqlite:D:/Facultate/Anul2/Sem2/MPP/cars.db} 
09 Mar 2025 20:54:34,982 TRACE ro.mpp2025.CarsDBRepository 58 add - Enter saving car Id=0 Tesla Model S 2019 
09 Mar 2025 20:54:34,982 TRACE ro.mpp2025.JdbcUtils 48 getConnection - Enter
09 Mar 2025 20:54:34,982 TRACE ro.mpp2025.JdbcUtils 25 getNewConnection - Enter
09 Mar 2025 20:54:34,982 INFO  ro.mpp2025.JdbcUtils 30 getNewConnection - trying to connect to database ... jdbc:sqlite:D:/Facultate/Anul2/Sem2/MPP/cars.db
09 Mar 2025 20:54:34,983 INFO  ro.mpp2025.JdbcUtils 31 getNewConnection - user: null
09 Mar 2025 20:54:34,983 INFO  ro.mpp2025.JdbcUtils 32 getNewConnection - pass: null
09 Mar 2025 20:54:35,230 TRACE ro.mpp2025.JdbcUtils 57 getConnection - Exit with(org.sqlite.jdbc4.JDBC4Connection@7ba8c737)
09 Mar 2025 20:54:35,239 TRACE ro.mpp2025.CarsDBRepository 65 add - Saved 1 instances
09 Mar 2025 20:54:35,239 TRACE ro.mpp2025.CarsDBRepository 70 add - Exit
09 Mar 2025 20:54:35,239 TRACE ro.mpp2025.CarsDBRepository 80 findAll - Enter
09 Mar 2025 20:54:35,240 TRACE ro.mpp2025.JdbcUtils 48 getConnection - Enter
09 Mar 2025 20:54:35,240 TRACE ro.mpp2025.JdbcUtils 57 getConnection - Exit with(org.sqlite.jdbc4.JDBC4Connection@7ba8c737)
09 Mar 2025 20:54:35,240 TRACE ro.mpp2025.CarsDBRepository 99 findAll - Exit with([Id=1 Dacia Sandero 2019, Id=2 Skoda Octavia 2020, Id=3 Tesla Model S 2019, Id=4 Tesla Model S 2019, Id=5 Tesla Model S 2019, Id=6 Tesla Model S 2019])
09 Mar 2025 20:54:35,241 TRACE ro.mpp2025.CarsDBRepository 27 findByManufacturer - Enter
09 Mar 2025 20:54:35,241 TRACE ro.mpp2025.JdbcUtils 48 getConnection - Enter
09 Mar 2025 20:54:35,241 TRACE ro.mpp2025.JdbcUtils 57 getConnection - Exit with(org.sqlite.jdbc4.JDBC4Connection@7ba8c737)
09 Mar 2025 20:54:35,241 TRACE ro.mpp2025.CarsDBRepository 46 findByManufacturer - Exit with([Id=3 Tesla Model S 2019, Id=4 Tesla Model S 2019, Id=5 Tesla Model S 2019, Id=6 Tesla Model S 2019])
